
**** 05/16/26 00:10:26 *********** Evaluation PSpice (Nov 1999) **************

 Circuit 2


 ****     CIRCUIT DESCRIPTION


******************************************************************************



* Mocanu Cristian-Lucian, 314CB
Vin 1 0 AC 1 0
R1 2 0 10
C1 1 2 0.0001
*
.AC LIN 1 318 318
.PRINT AC IM(R1) IP(R1) IR(R1) II(R1) V(R1) V(C1)
.END

**** 05/16/26 00:10:26 *********** Evaluation PSpice (Nov 1999) **************

 Circuit 2


 ****     SMALL SIGNAL BIAS SOLUTION       TEMPERATURE =   27.000 DEG C


******************************************************************************



 NODE   VOLTAGE     NODE   VOLTAGE     NODE   VOLTAGE     NODE   VOLTAGE


(    1)    0.0000  (    2)    0.0000  




    VOLTAGE SOURCE CURRENTS
    NAME         CURRENT

    Vin          0.000E+00

    TOTAL POWER DISSIPATION   0.00E+00  WATTS


**** 05/16/26 00:10:26 *********** Evaluation PSpice (Nov 1999) **************

 Circuit 2


 ****     AC ANALYSIS                      TEMPERATURE =   27.000 DEG C


******************************************************************************



  FREQ        IM(R1)      IP(R1)      IR(R1)      II(R1)      V(R1)       


   3.180E+02   8.943E-02   2.659E+01   7.997E-02   4.002E-02   8.943E-01

**** 05/16/26 00:10:26 *********** Evaluation PSpice (Nov 1999) **************

 Circuit 2


 ****     AC ANALYSIS                      TEMPERATURE =   27.000 DEG C


******************************************************************************



  FREQ        V(C1)       


   3.180E+02   4.476E-01


          JOB CONCLUDED

          TOTAL JOB TIME            0.00

