
**** 05/16/26 00:03:26 *********** Evaluation PSpice (Nov 1999) **************

 Circuit 1


 ****     CIRCUIT DESCRIPTION


******************************************************************************



* Mocanu Cristian-Lucian, 314CB
Vin 1 0 AC 1 0
R1 1 2 10
L1 2 0 0.01
*
.AC LIN 1 100 100
.PRINT AC IM(R1) IP(R1) IR(R1) II(R1)
.END

**** 05/16/26 00:03:26 *********** Evaluation PSpice (Nov 1999) **************

 Circuit 1


 ****     SMALL SIGNAL BIAS SOLUTION       TEMPERATURE =   27.000 DEG C


******************************************************************************



 NODE   VOLTAGE     NODE   VOLTAGE     NODE   VOLTAGE     NODE   VOLTAGE


(    1)    0.0000  (    2)    0.0000  




    VOLTAGE SOURCE CURRENTS
    NAME         CURRENT

    Vin          0.000E+00

    TOTAL POWER DISSIPATION   0.00E+00  WATTS


**** 05/16/26 00:03:26 *********** Evaluation PSpice (Nov 1999) **************

 Circuit 1


 ****     AC ANALYSIS                      TEMPERATURE =   27.000 DEG C


******************************************************************************



  FREQ        IM(R1)      IP(R1)      IR(R1)      II(R1)      


   1.000E+02   8.467E-02  -3.214E+01   7.170E-02  -4.505E-02


          JOB CONCLUDED

          TOTAL JOB TIME            0.00

