
**** 05/16/26 00:57:28 *********** Evaluation PSpice (Nov 1999) **************

 Circuit 1 Conditii Initiale


 ****     CIRCUIT DESCRIPTION


******************************************************************************



* Mocanu Cristian-Lucian, 314CB
V1 2 1 90
R1 1 0 5
R2 3 0 10
L 3 0 0.0625
C 2 3 0.0001
*
.DC LIN V1 90 90 1
.PRINT DC V(2, 3) I(L)
.END

**** 05/16/26 00:57:28 *********** Evaluation PSpice (Nov 1999) **************

 Circuit 1 Conditii Initiale


 ****     DC TRANSFER CURVES               TEMPERATURE =   27.000 DEG C


******************************************************************************



  V1          V(2,3)      I(L)        

   9.000E+01   9.000E+01   0.000E+00




          JOB CONCLUDED

          TOTAL JOB TIME            0.00

